"Date,"Vlog #","Transaction (testnet)"
2023-03-13,2-23,W2RVPD6SRQRKBIYKFH5JFSSUKWVPVUV6TOL5DOF2D3RQIPJ6IILQ
2023-03-13,2-24,33LDJYKXY6QEKFZPIA2KRTNL6I7ISWZCXEEH3IKCHE4D254CJC5Q
2023-03-14,2-25,XZEX4TDX2Q3ERDXFRVIQLNLIQHSODMXUHRK4PLPZOTZWDZ7LTOCQ
2023-03-15,2-26,TAIHGRJXXQLMDZBR5OJZJNY5LIA3RWVF633WH6KIMFGOLL7EN3PQ
2023-03-16,2-27,5ZHRLPXOUQMGFVYJTCWKGROWFLZT3XLKOZDOSC7HCJ5K5AX3UEYQ
2023-03-17,2-28,VNOZHC2XHDG6ONHQHESLSOTYF5JE2KE5IYSYUJG4JGZAIXHYIIRA
2023-03-18,2-29,M6UHZF4MHB4XBMIALZHOZJNENWJQE6AH4GCXWEIVTKRCWUWOTITQ
2023-03-19,2-30,YYDIOB7B6TAKTV242ARBHLYNBTS7BDV2E2Y4HRCL7VM3HD677HZQ
2023-03-20,2-31,3UDIBRRVVRW5KW4KEEGTJTQU2W4YUMSQM5SPWKIWMLQP5J3TCHRA
2023-03-20,2-32,4UPVZ3M3WTTRRHNKPIOTGT3RJ3YSTCUTJATSWSJKNKPKM5ITMIGQ
2023-03-21,2-33,GSJ2L2RBE5L65OUW2LZ6A2NS33OOFR47BPOP63NGSQTPYI2DX4ZQ
2023-03-22,2-34,6577V3RWNGTROCOIZLU3MDMJGTHML5OAUPUKSNHBEBBSVGN4Z65Q
2023-03-23,2-35,FPUP7OHVGBYP6XJ7IX4YLDH2LEJ2P2HFQL4CJUCTLFCTLY4CEQ2A
2023-03-24,2-36,7YX3ONJUTZTABXUMJ44QWHCJTKEB6R53PF2AIXOQWEV7JP4ON3QQ
2023-03-25,2-37,RY5TH7XQ7U3XAJD5OX5WB7HSH3DQG3DCXPZ6ME2K76UYTJTQCTYA
2023-03-26,2-38,ADZJDNIJQVBNVAUI37I7GHAMOS4HRGDEZYLS53IGDVUAY6OUNKZA
2023-03-27,2-39,TVKQWHZFMOATNDM5WSGQGVVUSJXJ6UIXF6ICW3TBCT7S76DNF7SA
2023-03-27,2-40,XB2BBKLXK65XDDKOHJCHL63HI3MMINYXPV5RDH5F3OWZM2EFWZXA
2023-03-28,2-41,IYCSWL5QDKP52PCIMTQ6YLHWCA4M6USTEROZQ7CGXNMUIAQRBN4Q
2023-03-29,2-42,J5PDJAFSJXPCSLXF5U63ZZPFUHHKYZUQWD4MAE45MBNEYL4U4VIA
2023-03-30,2-43,TUA3ZM55CAXOZ5SKVBXCYSQHX2PUCW2FVOKGRKJCRV6MFK7PI22A
2023-03-31,2-44,2WZ5IYGCIGR5L4H2T3SFJMT42JEICYOHVUIWUQE7SS5K43PMI34Q
2023-04-01,2-45,7AYHTKAFHEFRMLVA6KCXC3CA56CEYJ2ASYZUD64SNDDQQNJCROWA
